<?xml version="1.0" encoding="UTF-8"?>
<!-- Generated by org.testng.reporters.JUnitReportReporter -->
<testsuite skipped="0" hostname="LAPTOP-CT98278M" name="testCases.TC_VideoGameAPI" tests="5" failures="0" timestamp="17 Mar 2020 12:58:30 GMT" time="8.088" errors="0">
  <testcase name="test_getAllVideoGames" time="4.151" classname="testCases.TC_VideoGameAPI"/>
  <testcase name="test_addNewVideoaGame" time="1.495" classname="testCases.TC_VideoGameAPI"/>
  <testcase name="test_getVideoGame" time="1.953" classname="testCases.TC_VideoGameAPI"/>
  <testcase name="test_UpdateVideoGame" time="0.357" classname="testCases.TC_VideoGameAPI"/>
  <testcase name="test_DeleteVideoGame" time="0.132" classname="testCases.TC_VideoGameAPI"/>
</testsuite> <!-- testCases.TC_VideoGameAPI -->
