<?xml version="1.0" encoding="UTF-8"?>
<!-- Generated by org.testng.reporters.JUnitReportReporter -->
<testsuite skipped="0" hostname="LAPTOP-CT98278M" name="testCases.TC_VideoGameAPI" tests="5" failures="0" timestamp="17 Mar 2020 13:11:22 GMT" time="9.175" errors="0">
  <testcase name="test_getAllVideoGames" time="3.387" classname="testCases.TC_VideoGameAPI"/>
  <testcase name="test_addNewVideoaGame" time="0.799" classname="testCases.TC_VideoGameAPI"/>
  <testcase name="test_getVideoGame" time="1.749" classname="testCases.TC_VideoGameAPI"/>
  <testcase name="test_UpdateVideoGame" time="0.178" classname="testCases.TC_VideoGameAPI"/>
  <testcase name="test_DeleteVideoGame" time="3.062" classname="testCases.TC_VideoGameAPI"/>
</testsuite> <!-- testCases.TC_VideoGameAPI -->
